TN:
SF:src/errors/AppError.ts
FN:6,AppError
FNF:1
FNH:1
FNDA:2,AppError
DA:1,1
DA:2,1
DA:3,1
DA:4,1
DA:5,1
DA:6,1
DA:7,2
DA:8,2
DA:9,2
DA:10,1
DA:11,1
DA:12,1
LF:12
LH:12
BRDA:6,0,0,2
BRF:1
BRH:1
end_of_record
TN:
SF:src/modules/accounts/entities/User.ts
FN:30,User
FNF:1
FNH:1
FNDA:2,User
DA:1,1
DA:2,1
DA:3,1
DA:4,1
DA:5,1
DA:6,1
DA:7,1
DA:8,1
DA:9,1
DA:10,1
DA:11,1
DA:12,1
DA:13,1
DA:14,1
DA:15,1
DA:16,1
DA:17,1
DA:18,1
DA:19,1
DA:20,1
DA:21,1
DA:22,1
DA:23,1
DA:24,1
DA:25,1
DA:26,1
DA:27,1
DA:28,1
DA:29,1
DA:30,1
DA:31,2
DA:32,2
DA:33,2
DA:34,2
DA:35,1
DA:36,1
DA:37,1
LF:37
LH:37
BRDA:30,0,0,2
BRF:1
BRH:1
end_of_record
TN:
SF:src/modules/accounts/repositories/mocks/UserRepositoryMock.ts
FN:5,UserRepositoryMock
FN:8,create
FN:26,findByEmail
FN:32,findById
FNF:4
FNH:3
FNDA:3,UserRepositoryMock
FNDA:2,create
FNDA:6,findByEmail
FNDA:0,findById
DA:1,1
DA:2,1
DA:3,1
DA:4,1
DA:5,3
DA:6,3
DA:7,3
DA:8,3
DA:9,2
DA:10,2
DA:11,2
DA:12,2
DA:13,2
DA:14,2
DA:15,2
DA:16,2
DA:17,2
DA:18,2
DA:19,2
DA:20,2
DA:21,2
DA:22,2
DA:23,2
DA:24,2
DA:25,3
DA:26,3
DA:27,6
DA:28,6
DA:29,6
DA:30,6
DA:31,3
DA:32,3
DA:33,0
DA:34,0
DA:35,0
DA:36,0
DA:37,3
DA:38,1
DA:39,1
LF:39
LH:35
BRDA:5,0,0,3
BRDA:8,1,0,2
BRDA:26,2,0,6
BRDA:27,3,0,3
BRF:4
BRH:4
end_of_record
TN:
SF:src/modules/accounts/services/AutheticationService.ts
FN:23,AuthenticationService
FN:28,execute
FNF:2
FNH:2
FNDA:3,AuthenticationService
FNDA:3,execute
DA:1,1
DA:2,1
DA:3,1
DA:4,1
DA:5,1
DA:6,1
DA:7,1
DA:8,1
DA:9,1
DA:10,1
DA:11,1
DA:12,1
DA:13,1
DA:14,1
DA:15,1
DA:16,1
DA:17,1
DA:18,1
DA:19,1
DA:20,1
DA:21,1
DA:22,1
DA:23,1
DA:24,3
DA:25,3
DA:26,3
DA:27,1
DA:28,1
DA:29,3
DA:30,3
DA:31,3
DA:32,3
DA:33,3
DA:34,1
DA:35,1
DA:36,2
DA:37,2
DA:38,2
DA:39,2
DA:40,1
DA:41,3
DA:42,0
DA:43,0
DA:44,1
DA:45,1
DA:46,1
DA:47,1
DA:48,1
DA:49,1
DA:50,1
DA:51,1
DA:52,1
DA:53,1
DA:54,1
DA:55,1
DA:56,1
DA:57,1
DA:58,1
DA:59,1
DA:60,1
DA:61,1
DA:62,1
LF:62
LH:60
BRDA:23,0,0,3
BRDA:28,1,0,3
BRDA:33,2,0,1
BRDA:36,3,0,2
BRDA:40,4,0,1
BRDA:41,5,0,0
BRDA:44,6,0,1
BRF:7
BRH:6
end_of_record
TN:
SF:src/modules/accounts/services/CreateUserService.ts
FN:10,CreateUserService
FN:15,execute
FNF:2
FNH:2
FNDA:3,CreateUserService
FNDA:2,execute
DA:1,1
DA:2,1
DA:3,1
DA:4,1
DA:5,1
DA:6,1
DA:7,1
DA:8,1
DA:9,1
DA:10,1
DA:11,3
DA:12,3
DA:13,3
DA:14,1
DA:15,1
DA:16,2
DA:17,2
DA:18,2
DA:19,2
DA:20,2
DA:21,2
DA:22,2
DA:23,2
DA:24,0
DA:25,0
DA:26,2
DA:27,2
DA:28,2
DA:29,2
DA:30,2
DA:31,2
DA:32,2
DA:33,2
DA:34,2
DA:35,2
DA:36,1
DA:37,1
DA:38,1
LF:38
LH:36
BRDA:10,0,0,3
BRDA:15,1,0,2
BRDA:23,2,0,0
BRF:3
BRH:2
end_of_record
TN:
SF:src/modules/cars/entities/Category.ts
FN:18,Category
FNF:1
FNH:1
FNDA:2,Category
DA:1,1
DA:2,1
DA:3,1
DA:4,1
DA:5,1
DA:6,1
DA:7,1
DA:8,1
DA:9,1
DA:10,1
DA:11,1
DA:12,1
DA:13,1
DA:14,1
DA:15,1
DA:16,1
DA:17,1
DA:18,1
DA:19,2
DA:20,2
DA:21,2
DA:22,2
DA:23,1
DA:24,1
LF:24
LH:24
BRDA:18,0,0,2
BRF:1
BRH:1
end_of_record
TN:
SF:src/modules/cars/repositories/mocks/CategoriesRepositoryMock.ts
FN:7,CategoriesRepositoryMock
FN:10,create
FN:21,list
FN:26,findByName
FNF:4
FNH:3
FNDA:2,CategoriesRepositoryMock
FNDA:2,create
FNDA:0,list
FNDA:3,findByName
DA:1,1
DA:2,1
DA:3,1
DA:4,1
DA:5,1
DA:6,1
DA:7,2
DA:8,2
DA:9,2
DA:10,2
DA:11,2
DA:12,2
DA:13,2
DA:14,2
DA:15,2
DA:16,2
DA:17,2
DA:18,2
DA:19,2
DA:20,2
DA:21,2
DA:22,0
DA:23,0
DA:24,0
DA:25,2
DA:26,2
DA:27,3
DA:28,3
DA:29,3
DA:30,2
DA:31,1
DA:32,1
LF:32
LH:29
BRDA:7,0,0,2
BRDA:10,1,0,2
BRDA:26,2,0,3
BRDA:27,3,0,1
BRF:4
BRH:4
end_of_record
TN:
SF:src/modules/cars/services/Categories/CreateCategoryService.ts
FN:14,CreateCategoryService
FN:19,execute
FNF:2
FNH:2
FNDA:2,CreateCategoryService
FNDA:3,execute
DA:1,1
DA:2,1
DA:3,1
DA:4,1
DA:5,1
DA:6,1
DA:7,1
DA:8,1
DA:9,1
DA:10,1
DA:11,1
DA:12,1
DA:13,1
DA:14,1
DA:15,2
DA:16,2
DA:17,2
DA:18,2
DA:19,1
DA:20,3
DA:21,3
DA:22,3
DA:23,3
DA:24,3
DA:25,1
DA:26,1
DA:27,2
DA:28,2
DA:29,2
DA:30,1
DA:31,1
DA:32,1
LF:32
LH:32
BRDA:14,0,0,2
BRDA:19,1,0,3
BRDA:24,2,0,1
BRDA:27,3,0,2
BRF:4
BRH:4
end_of_record
