TN:
SF:src/app.ts
FNF:0
FNH:0
DA:1,1
DA:2,1
DA:3,1
DA:4,1
DA:5,1
DA:6,1
DA:7,1
DA:8,1
DA:9,1
DA:10,1
DA:11,1
DA:12,1
DA:13,1
DA:14,1
DA:15,1
DA:16,1
DA:17,1
DA:18,1
DA:19,1
DA:20,1
DA:21,1
DA:22,1
DA:23,1
DA:24,1
DA:25,1
DA:26,1
DA:27,1
DA:28,1
DA:29,0
DA:30,0
DA:31,0
DA:32,0
DA:33,0
DA:34,0
DA:35,1
DA:36,1
DA:37,1
LF:37
LH:31
BRDA:23,0,0,1
BRDA:29,1,0,0
BRF:2
BRH:1
end_of_record
TN:
SF:src/config/upload.ts
FN:6,upload
FN:10,filename
FNF:2
FNH:1
FNDA:4,upload
FNDA:0,filename
DA:1,1
DA:2,1
DA:3,1
DA:4,1
DA:5,1
DA:6,1
DA:7,4
DA:8,4
DA:9,4
DA:10,4
DA:11,0
DA:12,0
DA:13,0
DA:14,0
DA:15,0
DA:16,0
DA:17,4
DA:18,4
DA:19,4
DA:20,1
LF:20
LH:14
BRDA:6,0,0,4
BRF:1
BRH:1
end_of_record
TN:
SF:src/container/index.ts
FNF:0
FNH:0
DA:1,1
DA:2,1
DA:3,1
DA:4,1
DA:5,1
DA:6,1
DA:7,1
DA:8,1
DA:9,1
DA:10,1
DA:11,1
DA:12,1
DA:13,1
DA:14,1
DA:15,1
DA:16,1
DA:17,1
DA:18,1
DA:19,1
DA:20,1
DA:21,1
DA:22,1
DA:23,1
DA:24,1
DA:25,1
DA:26,1
DA:27,1
DA:28,1
DA:29,1
DA:30,1
DA:31,1
DA:32,1
DA:33,1
DA:34,1
DA:35,1
DA:36,1
DA:37,1
DA:38,1
DA:39,1
DA:40,1
LF:40
LH:40
BRF:0
BRH:0
end_of_record
TN:
SF:src/database/index.ts
FN:17,Object.<anonymous>.exports.default
FNF:1
FNH:1
FNDA:4,Object.<anonymous>.exports.default
DA:1,1
DA:2,1
DA:3,1
DA:4,1
DA:5,1
DA:6,1
DA:7,1
DA:8,1
DA:9,1
DA:10,1
DA:11,1
DA:12,1
DA:13,1
DA:14,1
DA:15,1
DA:16,1
DA:17,1
DA:18,4
DA:19,4
DA:20,4
DA:21,4
DA:22,4
DA:23,4
DA:24,4
DA:25,4
DA:26,4
DA:27,4
LF:27
LH:27
BRDA:17,0,0,4
BRDA:17,1,0,4
BRDA:22,2,0,0
BRDA:24,3,0,0
BRF:4
BRH:2
end_of_record
TN:
SF:src/database/migrations/1646484838562-CreateSpecifications.ts
FN:4,up
FN:32,down
FNF:2
FNH:1
FNDA:2,up
FNDA:0,down
DA:1,1
DA:2,1
DA:3,1
DA:4,1
DA:5,2
DA:6,2
DA:7,2
DA:8,2
DA:9,2
DA:10,2
DA:11,2
DA:12,2
DA:13,2
DA:14,2
DA:15,2
DA:16,2
DA:17,2
DA:18,2
DA:19,2
DA:20,2
DA:21,2
DA:22,2
DA:23,2
DA:24,2
DA:25,2
DA:26,2
DA:27,2
DA:28,2
DA:29,2
DA:30,2
DA:31,1
DA:32,1
DA:33,0
DA:34,0
DA:35,1
LF:35
LH:33
BRDA:4,0,0,2
BRF:1
BRH:1
end_of_record
TN:
SF:src/database/migrations/1646484845270-CreateCategories.ts
FN:4,up
FN:32,down
FNF:2
FNH:1
FNDA:2,up
FNDA:0,down
DA:1,1
DA:2,1
DA:3,1
DA:4,1
DA:5,2
DA:6,2
DA:7,2
DA:8,2
DA:9,2
DA:10,2
DA:11,2
DA:12,2
DA:13,2
DA:14,2
DA:15,2
DA:16,2
DA:17,2
DA:18,2
DA:19,2
DA:20,2
DA:21,2
DA:22,2
DA:23,2
DA:24,2
DA:25,2
DA:26,2
DA:27,2
DA:28,2
DA:29,2
DA:30,2
DA:31,1
DA:32,1
DA:33,0
DA:34,0
DA:35,1
LF:35
LH:33
BRDA:4,0,0,2
BRF:1
BRH:1
end_of_record
TN:
SF:src/database/migrations/1646498499105-CreateUsers.ts
FN:4,up
FN:51,down
FNF:2
FNH:1
FNDA:2,up
FNDA:0,down
DA:1,1
DA:2,1
DA:3,1
DA:4,1
DA:5,2
DA:6,2
DA:7,2
DA:8,2
DA:9,2
DA:10,2
DA:11,2
DA:12,2
DA:13,2
DA:14,2
DA:15,2
DA:16,2
DA:17,2
DA:18,2
DA:19,2
DA:20,2
DA:21,2
DA:22,2
DA:23,2
DA:24,2
DA:25,2
DA:26,2
DA:27,2
DA:28,2
DA:29,2
DA:30,2
DA:31,2
DA:32,2
DA:33,2
DA:34,2
DA:35,2
DA:36,2
DA:37,2
DA:38,2
DA:39,2
DA:40,2
DA:41,2
DA:42,2
DA:43,2
DA:44,2
DA:45,2
DA:46,2
DA:47,2
DA:48,2
DA:49,2
DA:50,1
DA:51,1
DA:52,0
DA:53,0
DA:54,1
LF:54
LH:52
BRDA:4,0,0,2
BRF:1
BRH:1
end_of_record
TN:
SF:src/database/migrations/1646503723412-AlterUserDeleteUsername.ts
FN:6,up
FN:10,down
FNF:2
FNH:1
FNDA:2,up
FNDA:0,down
DA:1,1
DA:2,1
DA:3,1
DA:4,1
DA:5,1
DA:6,1
DA:7,2
DA:8,2
DA:9,1
DA:10,1
DA:11,0
DA:12,0
DA:13,0
DA:14,0
DA:15,0
DA:16,0
DA:17,0
DA:18,0
DA:19,1
LF:19
LH:11
BRDA:6,0,0,2
BRF:1
BRH:1
end_of_record
TN:
SF:src/database/migrations/1646518566707-AlterUserAddAvatar.ts
FN:4,up
FN:15,down
FNF:2
FNH:1
FNDA:2,up
FNDA:0,down
DA:1,1
DA:2,1
DA:3,1
DA:4,1
DA:5,2
DA:6,2
DA:7,2
DA:8,2
DA:9,2
DA:10,2
DA:11,2
DA:12,2
DA:13,2
DA:14,1
DA:15,1
DA:16,0
DA:17,0
DA:18,1
LF:18
LH:16
BRDA:4,0,0,2
BRF:1
BRH:1
end_of_record
TN:
SF:src/database/migrations/1646599196062-CreateCars.ts
FN:4,up
FN:69,down
FNF:2
FNH:1
FNDA:2,up
FNDA:0,down
DA:1,1
DA:2,1
DA:3,1
DA:4,1
DA:5,2
DA:6,2
DA:7,2
DA:8,2
DA:9,2
DA:10,2
DA:11,2
DA:12,2
DA:13,2
DA:14,2
DA:15,2
DA:16,2
DA:17,2
DA:18,2
DA:19,2
DA:20,2
DA:21,2
DA:22,2
DA:23,2
DA:24,2
DA:25,2
DA:26,2
DA:27,2
DA:28,2
DA:29,2
DA:30,2
DA:31,2
DA:32,2
DA:33,2
DA:34,2
DA:35,2
DA:36,2
DA:37,2
DA:38,2
DA:39,2
DA:40,2
DA:41,2
DA:42,2
DA:43,2
DA:44,2
DA:45,2
DA:46,2
DA:47,2
DA:48,2
DA:49,2
DA:50,2
DA:51,2
DA:52,2
DA:53,2
DA:54,2
DA:55,2
DA:56,2
DA:57,2
DA:58,2
DA:59,2
DA:60,2
DA:61,2
DA:62,2
DA:63,2
DA:64,2
DA:65,2
DA:66,2
DA:67,2
DA:68,1
DA:69,1
DA:70,0
DA:71,0
DA:72,1
LF:72
LH:70
BRDA:4,0,0,2
BRF:1
BRH:1
end_of_record
TN:
SF:src/database/migrations/1647187161044-CreateSpecificationsCars.ts
FN:11,up
FN:58,down
FNF:2
FNH:1
FNDA:2,up
FNDA:0,down
DA:1,1
DA:2,1
DA:3,1
DA:4,1
DA:5,1
DA:6,1
DA:7,1
DA:8,1
DA:9,1
DA:10,1
DA:11,1
DA:12,2
DA:13,2
DA:14,2
DA:15,2
DA:16,2
DA:17,2
DA:18,2
DA:19,2
DA:20,2
DA:21,2
DA:22,2
DA:23,2
DA:24,2
DA:25,2
DA:26,2
DA:27,2
DA:28,2
DA:29,2
DA:30,2
DA:31,2
DA:32,2
DA:33,2
DA:34,2
DA:35,2
DA:36,2
DA:37,2
DA:38,2
DA:39,2
DA:40,2
DA:41,2
DA:42,2
DA:43,2
DA:44,2
DA:45,2
DA:46,2
DA:47,2
DA:48,2
DA:49,2
DA:50,2
DA:51,2
DA:52,2
DA:53,2
DA:54,2
DA:55,2
DA:56,2
DA:57,1
DA:58,1
DA:59,0
DA:60,0
DA:61,0
DA:62,0
DA:63,0
DA:64,0
DA:65,0
DA:66,0
DA:67,0
DA:68,0
DA:69,0
DA:70,0
DA:71,1
LF:71
LH:59
BRDA:11,0,0,2
BRF:1
BRH:1
end_of_record
TN:
SF:src/database/migrations/1647385515666-CreateCarsImage.ts
FN:4,up
FN:42,down
FNF:2
FNH:1
FNDA:2,up
FNDA:0,down
DA:1,1
DA:2,1
DA:3,1
DA:4,1
DA:5,2
DA:6,2
DA:7,2
DA:8,2
DA:9,2
DA:10,2
DA:11,2
DA:12,2
DA:13,2
DA:14,2
DA:15,2
DA:16,2
DA:17,2
DA:18,2
DA:19,2
DA:20,2
DA:21,2
DA:22,2
DA:23,2
DA:24,2
DA:25,2
DA:26,2
DA:27,2
DA:28,2
DA:29,2
DA:30,2
DA:31,2
DA:32,2
DA:33,2
DA:34,2
DA:35,2
DA:36,2
DA:37,2
DA:38,2
DA:39,2
DA:40,2
DA:41,1
DA:42,1
DA:43,0
DA:44,0
DA:45,1
LF:45
LH:43
BRDA:4,0,0,2
BRF:1
BRH:1
end_of_record
TN:
SF:src/database/migrations/1647470648361-CreateRentals.ts
FN:4,up
FN:74,down
FNF:2
FNH:1
FNDA:2,up
FNDA:0,down
DA:1,1
DA:2,1
DA:3,1
DA:4,1
DA:5,2
DA:6,2
DA:7,2
DA:8,2
DA:9,2
DA:10,2
DA:11,2
DA:12,2
DA:13,2
DA:14,2
DA:15,2
DA:16,2
DA:17,2
DA:18,2
DA:19,2
DA:20,2
DA:21,2
DA:22,2
DA:23,2
DA:24,2
DA:25,2
DA:26,2
DA:27,2
DA:28,2
DA:29,2
DA:30,2
DA:31,2
DA:32,2
DA:33,2
DA:34,2
DA:35,2
DA:36,2
DA:37,2
DA:38,2
DA:39,2
DA:40,2
DA:41,2
DA:42,2
DA:43,2
DA:44,2
DA:45,2
DA:46,2
DA:47,2
DA:48,2
DA:49,2
DA:50,2
DA:51,2
DA:52,2
DA:53,2
DA:54,2
DA:55,2
DA:56,2
DA:57,2
DA:58,2
DA:59,2
DA:60,2
DA:61,2
DA:62,2
DA:63,2
DA:64,2
DA:65,2
DA:66,2
DA:67,2
DA:68,2
DA:69,2
DA:70,2
DA:71,2
DA:72,2
DA:73,1
DA:74,1
DA:75,0
DA:76,0
DA:77,1
LF:77
LH:75
BRDA:4,0,0,2
BRF:1
BRH:1
end_of_record
TN:
SF:src/errors/AppError.ts
FN:6,AppError
FNF:1
FNH:1
FNDA:5,AppError
DA:1,1
DA:2,1
DA:3,1
DA:4,1
DA:5,1
DA:6,1
DA:7,5
DA:8,5
DA:9,5
DA:10,1
DA:11,1
DA:12,1
LF:12
LH:12
BRDA:6,0,0,5
BRF:1
BRH:1
end_of_record
TN:
SF:src/middlewares/ensureAdmin.ts
FN:6,ensureAdmin
FNF:1
FNH:1
FNDA:3,ensureAdmin
DA:1,1
DA:2,1
DA:3,1
DA:4,1
DA:5,1
DA:6,3
DA:7,3
DA:8,3
DA:9,3
DA:10,3
DA:11,3
DA:12,3
DA:13,3
DA:14,3
DA:15,3
DA:16,3
DA:17,3
DA:18,3
DA:19,0
DA:20,0
DA:21,3
DA:22,3
DA:23,3
LF:23
LH:21
BRDA:6,0,0,3
BRDA:18,1,0,0
BRF:2
BRH:1
end_of_record
TN:
SF:src/middlewares/ensureAuthenticated.ts
FN:11,ensureAuthenticated
FNF:1
FNH:1
FNDA:3,ensureAuthenticated
DA:1,1
DA:2,1
DA:3,1
DA:4,1
DA:5,1
DA:6,1
DA:7,1
DA:8,1
DA:9,1
DA:10,1
DA:11,3
DA:12,3
DA:13,3
DA:14,3
DA:15,3
DA:16,3
DA:17,3
DA:18,3
DA:19,0
DA:20,0
DA:21,3
DA:22,3
DA:23,3
DA:24,3
DA:25,3
DA:26,3
DA:27,3
DA:28,3
DA:29,3
DA:30,3
DA:31,3
DA:32,3
DA:33,3
DA:34,3
DA:35,0
DA:36,0
DA:37,3
DA:38,3
DA:39,3
DA:40,3
DA:41,3
DA:42,3
DA:43,3
DA:44,0
DA:45,0
DA:46,3
LF:46
LH:40
BRDA:11,0,0,3
BRDA:18,1,0,0
BRDA:34,2,0,0
BRDA:43,3,0,0
BRF:4
BRH:1
end_of_record
TN:
SF:src/modules/accounts/entities/User.ts
FN:30,User
FNF:1
FNH:1
FNDA:15,User
DA:1,1
DA:2,1
DA:3,1
DA:4,1
DA:5,1
DA:6,1
DA:7,1
DA:8,1
DA:9,1
DA:10,1
DA:11,1
DA:12,1
DA:13,1
DA:14,1
DA:15,1
DA:16,1
DA:17,1
DA:18,1
DA:19,1
DA:20,1
DA:21,1
DA:22,1
DA:23,1
DA:24,1
DA:25,1
DA:26,1
DA:27,1
DA:28,1
DA:29,1
DA:30,1
DA:31,15
DA:32,15
DA:33,15
DA:34,15
DA:35,1
DA:36,1
DA:37,1
LF:37
LH:37
BRDA:30,0,0,15
BRF:1
BRH:1
end_of_record
TN:
SF:src/modules/accounts/repositories/Users/UserRepository.ts
FN:10,UserRepository
FN:14,create
FN:34,findByEmail
FN:40,findById
FNF:4
FNH:3
FNDA:8,UserRepository
FNDA:0,create
FNDA:3,findByEmail
FNDA:6,findById
DA:1,1
DA:2,1
DA:3,1
DA:4,1
DA:5,1
DA:6,1
DA:7,1
DA:8,1
DA:9,1
DA:10,1
DA:11,8
DA:12,8
DA:13,1
DA:14,1
DA:15,0
DA:16,0
DA:17,0
DA:18,0
DA:19,0
DA:20,0
DA:21,0
DA:22,0
DA:23,0
DA:24,0
DA:25,0
DA:26,0
DA:27,0
DA:28,0
DA:29,0
DA:30,0
DA:31,0
DA:32,0
DA:33,1
DA:34,1
DA:35,3
DA:36,3
DA:37,3
DA:38,3
DA:39,1
DA:40,1
DA:41,6
DA:42,6
DA:43,6
DA:44,6
DA:45,1
DA:46,1
DA:47,1
LF:47
LH:29
BRDA:10,0,0,8
BRDA:34,1,0,3
BRDA:40,2,0,6
BRF:3
BRH:3
end_of_record
TN:
SF:src/modules/accounts/repositories/mocks/UserRepositoryMock.ts
FN:5,UserRepositoryMock
FN:8,create
FN:26,findByEmail
FN:32,findById
FNF:4
FNH:3
FNDA:3,UserRepositoryMock
FNDA:2,create
FNDA:6,findByEmail
FNDA:0,findById
DA:1,1
DA:2,1
DA:3,1
DA:4,1
DA:5,3
DA:6,3
DA:7,3
DA:8,3
DA:9,2
DA:10,2
DA:11,2
DA:12,2
DA:13,2
DA:14,2
DA:15,2
DA:16,2
DA:17,2
DA:18,2
DA:19,2
DA:20,2
DA:21,2
DA:22,2
DA:23,2
DA:24,2
DA:25,3
DA:26,3
DA:27,6
DA:28,6
DA:29,6
DA:30,6
DA:31,3
DA:32,3
DA:33,0
DA:34,0
DA:35,0
DA:36,0
DA:37,3
DA:38,1
DA:39,1
LF:39
LH:35
BRDA:5,0,0,3
BRDA:8,1,0,2
BRDA:26,2,0,6
BRDA:27,3,0,3
BRF:4
BRH:4
end_of_record
TN:
SF:src/modules/accounts/useCases/AuthenticationUseCase/AuthenticationController.ts
FN:7,handle
FNF:1
FNH:1
FNDA:3,handle
DA:1,1
DA:2,1
DA:3,1
DA:4,1
DA:5,1
DA:6,1
DA:7,1
DA:8,3
DA:9,3
DA:10,3
DA:11,3
DA:12,3
DA:13,3
DA:14,3
DA:15,3
DA:16,3
DA:17,3
DA:18,3
DA:19,1
DA:20,1
DA:21,1
LF:21
LH:21
BRDA:7,0,0,3
BRF:1
BRH:1
end_of_record
TN:
SF:src/modules/accounts/useCases/AuthenticationUseCase/AutheticationService.ts
FN:23,AuthenticationService
FN:28,execute
FNF:2
FNH:2
FNDA:6,AuthenticationService
FNDA:6,execute
DA:1,1
DA:2,1
DA:3,1
DA:4,1
DA:5,1
DA:6,1
DA:7,1
DA:8,1
DA:9,1
DA:10,1
DA:11,1
DA:12,1
DA:13,1
DA:14,1
DA:15,1
DA:16,1
DA:17,1
DA:18,1
DA:19,1
DA:20,1
DA:21,1
DA:22,1
DA:23,1
DA:24,6
DA:25,6
DA:26,6
DA:27,1
DA:28,1
DA:29,6
DA:30,6
DA:31,6
DA:32,6
DA:33,6
DA:34,1
DA:35,1
DA:36,5
DA:37,5
DA:38,5
DA:39,5
DA:40,4
DA:41,6
DA:42,0
DA:43,0
DA:44,4
DA:45,4
DA:46,4
DA:47,4
DA:48,4
DA:49,4
DA:50,4
DA:51,4
DA:52,4
DA:53,4
DA:54,4
DA:55,4
DA:56,4
DA:57,4
DA:58,4
DA:59,4
DA:60,1
DA:61,1
DA:62,1
LF:62
LH:60
BRDA:23,0,0,6
BRDA:28,1,0,6
BRDA:33,2,0,1
BRDA:36,3,0,5
BRDA:40,4,0,4
BRDA:41,5,0,0
BRDA:44,6,0,4
BRF:7
BRH:6
end_of_record
TN:
SF:src/modules/accounts/useCases/CreateUserUseCase/CreateUserController.ts
FN:7,handle
FNF:1
FNH:0
FNDA:0,handle
DA:1,1
DA:2,1
DA:3,1
DA:4,1
DA:5,1
DA:6,1
DA:7,1
DA:8,0
DA:9,0
DA:10,0
DA:11,0
DA:12,0
DA:13,0
DA:14,0
DA:15,0
DA:16,0
DA:17,0
DA:18,0
DA:19,0
DA:20,0
DA:21,1
DA:22,1
DA:23,1
LF:23
LH:10
BRF:0
BRH:0
end_of_record
TN:
SF:src/modules/accounts/useCases/CreateUserUseCase/CreateUserService.ts
FN:10,CreateUserService
FN:15,execute
FNF:2
FNH:2
FNDA:3,CreateUserService
FNDA:2,execute
DA:1,1
DA:2,1
DA:3,1
DA:4,1
DA:5,1
DA:6,1
DA:7,1
DA:8,1
DA:9,1
DA:10,1
DA:11,3
DA:12,3
DA:13,3
DA:14,1
DA:15,1
DA:16,2
DA:17,2
DA:18,2
DA:19,2
DA:20,2
DA:21,2
DA:22,2
DA:23,2
DA:24,0
DA:25,0
DA:26,2
DA:27,2
DA:28,2
DA:29,2
DA:30,2
DA:31,2
DA:32,2
DA:33,2
DA:34,2
DA:35,2
DA:36,1
DA:37,1
DA:38,1
LF:38
LH:36
BRDA:10,0,0,3
BRDA:15,1,0,2
BRDA:23,2,0,0
BRF:3
BRH:2
end_of_record
TN:
SF:src/modules/accounts/useCases/UpadteUserAvatarUseCase/UpdateUserAvatarController.ts
FN:7,handle
FNF:1
FNH:0
FNDA:0,handle
DA:1,1
DA:2,1
DA:3,1
DA:4,1
DA:5,1
DA:6,1
DA:7,1
DA:8,0
DA:9,0
DA:10,0
DA:11,0
DA:12,0
DA:13,0
DA:14,0
DA:15,0
DA:16,0
DA:17,0
DA:18,1
DA:19,1
DA:20,1
LF:20
LH:10
BRF:0
BRH:0
end_of_record
TN:
SF:src/modules/accounts/useCases/UpadteUserAvatarUseCase/UpdateUserAvatarService.ts
FN:13,UpdateUserAvatarService
FN:18,execute
FNF:2
FNH:0
FNDA:0,UpdateUserAvatarService
FNDA:0,execute
DA:1,1
DA:2,1
DA:3,1
DA:4,1
DA:5,1
DA:6,1
DA:7,1
DA:8,1
DA:9,1
DA:10,1
DA:11,1
DA:12,1
DA:13,1
DA:14,0
DA:15,0
DA:16,0
DA:17,1
DA:18,1
DA:19,0
DA:20,0
DA:21,0
DA:22,0
DA:23,0
DA:24,0
DA:25,0
DA:26,0
DA:27,1
DA:28,1
DA:29,1
LF:29
LH:18
BRF:0
BRH:0
end_of_record
TN:
SF:src/modules/cars/entities/Cars.ts
FN:60,Cars
FNF:1
FNH:1
FNDA:16,Cars
DA:1,1
DA:2,1
DA:3,1
DA:4,1
DA:5,1
DA:6,1
DA:7,1
DA:8,1
DA:9,1
DA:10,1
DA:11,1
DA:12,1
DA:13,1
DA:14,1
DA:15,1
DA:16,1
DA:17,1
DA:18,1
DA:19,1
DA:20,1
DA:21,1
DA:22,1
DA:23,1
DA:24,1
DA:25,1
DA:26,1
DA:27,1
DA:28,1
DA:29,1
DA:30,1
DA:31,1
DA:32,1
DA:33,1
DA:34,1
DA:35,1
DA:36,1
DA:37,1
DA:38,1
DA:39,1
DA:40,1
DA:41,1
DA:42,1
DA:43,1
DA:44,1
DA:45,1
DA:46,1
DA:47,1
DA:48,1
DA:49,1
DA:50,1
DA:51,1
DA:52,1
DA:53,1
DA:54,1
DA:55,1
DA:56,1
DA:57,1
DA:58,1
DA:59,1
DA:60,1
DA:61,16
DA:62,16
DA:63,16
DA:64,16
DA:65,16
DA:66,1
DA:67,1
LF:67
LH:67
BRDA:60,0,0,16
BRDA:39,1,0,4
BRDA:43,2,0,4
BRF:3
BRH:3
end_of_record
TN:
SF:src/modules/cars/entities/CarsImage.ts
FN:18,CarsImage
FNF:1
FNH:1
FNDA:4,CarsImage
DA:1,1
DA:2,1
DA:3,1
DA:4,1
DA:5,1
DA:6,1
DA:7,1
DA:8,1
DA:9,1
DA:10,1
DA:11,1
DA:12,1
DA:13,1
DA:14,1
DA:15,1
DA:16,1
DA:17,1
DA:18,1
DA:19,4
DA:20,4
DA:21,4
DA:22,4
DA:23,1
DA:24,1
DA:25,1
LF:25
LH:25
BRDA:18,0,0,4
BRF:1
BRH:1
end_of_record
TN:
SF:src/modules/cars/entities/Category.ts
FN:18,Category
FNF:1
FNH:1
FNDA:10,Category
DA:1,1
DA:2,1
DA:3,1
DA:4,1
DA:5,1
DA:6,1
DA:7,1
DA:8,1
DA:9,1
DA:10,1
DA:11,1
DA:12,1
DA:13,1
DA:14,1
DA:15,1
DA:16,1
DA:17,1
DA:18,1
DA:19,10
DA:20,10
DA:21,10
DA:22,10
DA:23,1
DA:24,1
LF:24
LH:24
BRDA:18,0,0,10
BRF:1
BRH:1
end_of_record
TN:
SF:src/modules/cars/entities/Specification.ts
FN:18,Specification
FNF:1
FNH:1
FNDA:6,Specification
DA:1,1
DA:2,1
DA:3,1
DA:4,1
DA:5,1
DA:6,1
DA:7,1
DA:8,1
DA:9,1
DA:10,1
DA:11,1
DA:12,1
DA:13,1
DA:14,1
DA:15,1
DA:16,1
DA:17,1
DA:18,1
DA:19,6
DA:20,6
DA:21,6
DA:22,6
DA:23,1
DA:24,1
LF:24
LH:24
BRDA:18,0,0,6
BRF:1
BRH:1
end_of_record
TN:
SF:src/modules/cars/repositories/Cars/CarsRepository.ts
FN:10,CarsRepository
FN:14,create
FN:42,findCarByLicensePlate
FN:48,findAvailableCars
FN:73,findById
FNF:5
FNH:0
FNDA:0,CarsRepository
FNDA:0,create
FNDA:0,findCarByLicensePlate
FNDA:0,findAvailableCars
FNDA:0,findById
DA:1,1
DA:2,1
DA:3,1
DA:4,1
DA:5,1
DA:6,1
DA:7,1
DA:8,1
DA:9,1
DA:10,1
DA:11,0
DA:12,0
DA:13,1
DA:14,1
DA:15,0
DA:16,0
DA:17,0
DA:18,0
DA:19,0
DA:20,0
DA:21,0
DA:22,0
DA:23,0
DA:24,0
DA:25,0
DA:26,0
DA:27,0
DA:28,0
DA:29,0
DA:30,0
DA:31,0
DA:32,0
DA:33,0
DA:34,0
DA:35,0
DA:36,0
DA:37,0
DA:38,0
DA:39,0
DA:40,0
DA:41,1
DA:42,1
DA:43,0
DA:44,0
DA:45,0
DA:46,0
DA:47,1
DA:48,1
DA:49,0
DA:50,0
DA:51,0
DA:52,0
DA:53,0
DA:54,0
DA:55,0
DA:56,0
DA:57,0
DA:58,0
DA:59,0
DA:60,0
DA:61,0
DA:62,0
DA:63,0
DA:64,0
DA:65,0
DA:66,0
DA:67,0
DA:68,0
DA:69,0
DA:70,0
DA:71,0
DA:72,1
DA:73,1
DA:74,0
DA:75,0
DA:76,0
DA:77,0
DA:78,1
DA:79,1
DA:80,1
LF:80
LH:21
BRF:0
BRH:0
end_of_record
TN:
SF:src/modules/cars/repositories/CarsImage/CarsImageRepository.ts
FN:10,CarsImageRepository
FN:14,create
FNF:2
FNH:0
FNDA:0,CarsImageRepository
FNDA:0,create
DA:1,1
DA:2,1
DA:3,1
DA:4,1
DA:5,1
DA:6,1
DA:7,1
DA:8,1
DA:9,1
DA:10,1
DA:11,0
DA:12,0
DA:13,1
DA:14,1
DA:15,0
DA:16,0
DA:17,0
DA:18,0
DA:19,0
DA:20,0
DA:21,0
DA:22,0
DA:23,0
DA:24,1
DA:25,1
DA:26,1
LF:26
LH:15
BRF:0
BRH:0
end_of_record
TN:
SF:src/modules/cars/repositories/Categories/CategoriesRepository.ts
FN:12,CategoriesRepository
FN:16,create
FN:25,list
FN:30,findByName
FNF:4
FNH:4
FNDA:2,CategoriesRepository
FNDA:2,create
FNDA:1,list
FNDA:3,findByName
DA:1,1
DA:2,1
DA:3,1
DA:4,1
DA:5,1
DA:6,1
DA:7,1
DA:8,1
DA:9,1
DA:10,1
DA:11,1
DA:12,1
DA:13,2
DA:14,2
DA:15,1
DA:16,1
DA:17,2
DA:18,2
DA:19,2
DA:20,2
DA:21,2
DA:22,2
DA:23,2
DA:24,1
DA:25,1
DA:26,1
DA:27,1
DA:28,1
DA:29,1
DA:30,1
DA:31,3
DA:32,3
DA:33,3
DA:34,3
DA:35,1
DA:36,1
DA:37,1
LF:37
LH:37
BRDA:12,0,0,2
BRDA:16,1,0,2
BRDA:25,2,0,1
BRDA:30,3,0,3
BRF:4
BRH:4
end_of_record
TN:
SF:src/modules/cars/repositories/Specifications/SpecificationRepository.ts
FN:13,SpecificationRepository
FN:17,list
FN:23,create
FN:37,findByName
FN:43,findByIds
FNF:5
FNH:0
FNDA:0,SpecificationRepository
FNDA:0,list
FNDA:0,create
FNDA:0,findByName
FNDA:0,findByIds
DA:1,1
DA:2,1
DA:3,1
DA:4,1
DA:5,1
DA:6,1
DA:7,1
DA:8,1
DA:9,1
DA:10,1
DA:11,1
DA:12,1
DA:13,1
DA:14,0
DA:15,0
DA:16,1
DA:17,1
DA:18,0
DA:19,0
DA:20,0
DA:21,0
DA:22,1
DA:23,1
DA:24,0
DA:25,0
DA:26,0
DA:27,0
DA:28,0
DA:29,0
DA:30,0
DA:31,0
DA:32,0
DA:33,0
DA:34,0
DA:35,0
DA:36,1
DA:37,1
DA:38,0
DA:39,0
DA:40,0
DA:41,0
DA:42,1
DA:43,1
DA:44,0
DA:45,0
DA:46,0
DA:47,0
DA:48,1
DA:49,1
DA:50,1
LF:50
LH:24
BRF:0
BRH:0
end_of_record
TN:
SF:src/modules/cars/repositories/mocks/CarsRepositoryMock.ts
FN:5,CarsRepositoryMock
FN:8,create
FN:41,findCarByLicensePlate
FN:47,findAvailableCars
FN:72,findById
FNF:5
FNH:5
FNDA:9,CarsRepositoryMock
FNDA:13,create
FNDA:12,findCarByLicensePlate
FNDA:5,findAvailableCars
FNDA:2,findById
DA:1,1
DA:2,1
DA:3,1
DA:4,1
DA:5,9
DA:6,9
DA:7,9
DA:8,9
DA:9,13
DA:10,13
DA:11,13
DA:12,13
DA:13,13
DA:14,13
DA:15,13
DA:16,13
DA:17,13
DA:18,13
DA:19,13
DA:20,1
DA:21,1
DA:22,1
DA:23,1
DA:24,12
DA:25,12
DA:26,12
DA:27,12
DA:28,12
DA:29,12
DA:30,12
DA:31,12
DA:32,12
DA:33,12
DA:34,12
DA:35,12
DA:36,12
DA:37,12
DA:38,12
DA:39,12
DA:40,9
DA:41,9
DA:42,12
DA:43,12
DA:44,12
DA:45,12
DA:46,9
DA:47,9
DA:48,5
DA:49,5
DA:50,5
DA:51,5
DA:52,5
DA:53,2
DA:54,2
DA:55,2
DA:56,3
DA:57,3
DA:58,6
DA:59,6
DA:60,6
DA:61,6
DA:62,6
DA:63,6
DA:64,3
DA:65,3
DA:66,3
DA:67,3
DA:68,3
DA:69,3
DA:70,3
DA:71,9
DA:72,9
DA:73,2
DA:74,2
DA:75,2
DA:76,2
DA:77,9
DA:78,1
DA:79,1
LF:79
LH:79
BRDA:5,0,0,9
BRDA:8,1,0,13
BRDA:19,2,0,12
BRDA:19,3,0,1
BRDA:20,4,0,1
BRDA:41,5,0,12
BRDA:42,6,0,5
BRDA:47,7,0,5
BRDA:52,8,0,4
BRDA:52,9,0,3
BRDA:52,10,0,2
BRDA:56,11,0,3
BRDA:53,12,0,3
BRDA:57,13,0,6
BRDA:60,14,0,2
BRDA:60,15,0,5
BRDA:61,16,0,2
BRDA:61,17,0,4
BRDA:62,18,0,2
BRDA:63,19,0,3
BRDA:72,20,0,2
BRDA:73,21,0,1
BRF:22
BRH:22
end_of_record
TN:
SF:src/modules/cars/repositories/mocks/CategoriesRepositoryMock.ts
FN:7,CategoriesRepositoryMock
FN:10,create
FN:21,list
FN:26,findByName
FNF:4
FNH:3
FNDA:2,CategoriesRepositoryMock
FNDA:2,create
FNDA:0,list
FNDA:3,findByName
DA:1,1
DA:2,1
DA:3,1
DA:4,1
DA:5,1
DA:6,1
DA:7,2
DA:8,2
DA:9,2
DA:10,2
DA:11,2
DA:12,2
DA:13,2
DA:14,2
DA:15,2
DA:16,2
DA:17,2
DA:18,2
DA:19,2
DA:20,2
DA:21,2
DA:22,0
DA:23,0
DA:24,0
DA:25,2
DA:26,2
DA:27,3
DA:28,3
DA:29,3
DA:30,2
DA:31,1
DA:32,1
LF:32
LH:29
BRDA:7,0,0,2
BRDA:10,1,0,2
BRDA:26,2,0,3
BRDA:27,3,0,1
BRF:4
BRH:4
end_of_record
TN:
SF:src/modules/cars/repositories/mocks/SpecificationRepositoryMock.ts
FN:7,SpecificationRepositoryMock
FN:9,create
FN:25,findByName
FN:32,list
FN:38,findByIds
FNF:5
FNH:3
FNDA:2,SpecificationRepositoryMock
FNDA:2,create
FNDA:0,findByName
FNDA:0,list
FNDA:1,findByIds
DA:1,1
DA:2,1
DA:3,1
DA:4,1
DA:5,1
DA:6,1
DA:7,2
DA:8,2
DA:9,2
DA:10,2
DA:11,2
DA:12,2
DA:13,2
DA:14,2
DA:15,2
DA:16,2
DA:17,2
DA:18,2
DA:19,2
DA:20,2
DA:21,2
DA:22,2
DA:23,2
DA:24,2
DA:25,2
DA:26,0
DA:27,0
DA:28,0
DA:29,0
DA:30,0
DA:31,0
DA:32,2
DA:33,0
DA:34,0
DA:35,0
DA:36,0
DA:37,2
DA:38,2
DA:39,1
DA:40,2
DA:41,1
DA:42,1
DA:43,1
DA:44,1
DA:45,2
DA:46,1
DA:47,1
LF:47
LH:37
BRDA:7,0,0,2
BRDA:9,1,0,2
BRDA:38,2,0,1
BRDA:39,3,0,2
BRF:4
BRH:4
end_of_record
TN:
SF:src/modules/cars/useCases/CreateCarsUseCase/CreateCarsController.ts
FN:7,handle
FNF:1
FNH:0
FNDA:0,handle
DA:1,1
DA:2,1
DA:3,1
DA:4,1
DA:5,1
DA:6,1
DA:7,1
DA:8,0
DA:9,0
DA:10,0
DA:11,0
DA:12,0
DA:13,0
DA:14,0
DA:15,0
DA:16,0
DA:17,0
DA:18,0
DA:19,0
DA:20,0
DA:21,0
DA:22,0
DA:23,0
DA:24,0
DA:25,0
DA:26,0
DA:27,0
DA:28,0
DA:29,0
DA:30,0
DA:31,0
DA:32,1
DA:33,1
DA:34,1
LF:34
LH:10
BRF:0
BRH:0
end_of_record
TN:
SF:src/modules/cars/useCases/CreateCarsUseCase/CreateCarsService.ts
FN:10,CreateCarsService
FN:14,execute
FNF:2
FNH:2
FNDA:7,CreateCarsService
FNDA:12,execute
DA:1,1
DA:2,1
DA:3,1
DA:4,1
DA:5,1
DA:6,1
DA:7,1
DA:8,1
DA:9,1
DA:10,1
DA:11,7
DA:12,7
DA:13,7
DA:14,1
DA:15,12
DA:16,12
DA:17,12
DA:18,12
DA:19,12
DA:20,12
DA:21,12
DA:22,12
DA:23,12
DA:24,12
DA:25,12
DA:26,12
DA:27,12
DA:28,1
DA:29,1
DA:30,11
DA:31,11
DA:32,11
DA:33,11
DA:34,11
DA:35,11
DA:36,11
DA:37,11
DA:38,11
DA:39,11
DA:40,11
DA:41,11
DA:42,11
DA:43,1
DA:44,1
DA:45,1
LF:45
LH:45
BRDA:10,0,0,7
BRDA:14,1,0,12
BRDA:27,2,0,1
BRDA:30,3,0,11
BRF:4
BRH:4
end_of_record
TN:
SF:src/modules/cars/useCases/CreateCategoriesUseCase/CreateCategoryController.ts
FN:7,handle
FNF:1
FNH:1
FNDA:3,handle
DA:1,1
DA:2,1
DA:3,1
DA:4,1
DA:5,1
DA:6,1
DA:7,1
DA:8,3
DA:9,3
DA:10,3
DA:11,3
DA:12,3
DA:13,3
DA:14,2
DA:15,2
DA:16,2
DA:17,1
DA:18,1
DA:19,1
LF:19
LH:19
BRDA:7,0,0,3
BRDA:14,1,0,2
BRF:2
BRH:2
end_of_record
TN:
SF:src/modules/cars/useCases/CreateCategoriesUseCase/CreateCategoryService.ts
FN:14,CreateCategoryService
FN:19,execute
FNF:2
FNH:2
FNDA:5,CreateCategoryService
FNDA:6,execute
DA:1,1
DA:2,1
DA:3,1
DA:4,1
DA:5,1
DA:6,1
DA:7,1
DA:8,1
DA:9,1
DA:10,1
DA:11,1
DA:12,1
DA:13,1
DA:14,1
DA:15,5
DA:16,5
DA:17,5
DA:18,5
DA:19,1
DA:20,6
DA:21,6
DA:22,6
DA:23,6
DA:24,6
DA:25,2
DA:26,2
DA:27,4
DA:28,4
DA:29,4
DA:30,1
DA:31,1
DA:32,1
LF:32
LH:32
BRDA:14,0,0,5
BRDA:19,1,0,6
BRDA:24,2,0,5
BRDA:24,3,0,2
BRDA:27,4,0,4
BRF:5
BRH:5
end_of_record
TN:
SF:src/modules/cars/useCases/CreateSpecificationsUsecase/CreateSpecificationController.ts
FN:7,handle
FNF:1
FNH:0
FNDA:0,handle
DA:1,1
DA:2,1
DA:3,1
DA:4,1
DA:5,1
DA:6,1
DA:7,1
DA:8,0
DA:9,0
DA:10,0
DA:11,0
DA:12,0
DA:13,0
DA:14,0
DA:15,0
DA:16,0
DA:17,0
DA:18,1
DA:19,1
DA:20,1
LF:20
LH:10
BRF:0
BRH:0
end_of_record
TN:
SF:src/modules/cars/useCases/CreateSpecificationsUsecase/CreateSpecificationService.ts
FN:14,CreateSpecificationService
FN:20,execute
FNF:2
FNH:0
FNDA:0,CreateSpecificationService
FNDA:0,execute
DA:1,1
DA:2,1
DA:3,1
DA:4,1
DA:5,1
DA:6,1
DA:7,1
DA:8,1
DA:9,1
DA:10,1
DA:11,1
DA:12,1
DA:13,1
DA:14,1
DA:15,0
DA:16,0
DA:17,0
DA:18,0
DA:19,0
DA:20,1
DA:21,0
DA:22,0
DA:23,0
DA:24,0
DA:25,0
DA:26,0
DA:27,0
DA:28,0
DA:29,0
DA:30,1
DA:31,1
DA:32,1
LF:32
LH:18
BRF:0
BRH:0
end_of_record
TN:
SF:src/modules/cars/useCases/ImportCategoriesUseCase/ImportCategoriesController.ts
FN:7,handle
FNF:1
FNH:0
FNDA:0,handle
DA:1,1
DA:2,1
DA:3,1
DA:4,1
DA:5,1
DA:6,1
DA:7,1
DA:8,0
DA:9,0
DA:10,0
DA:11,0
DA:12,0
DA:13,0
DA:14,0
DA:15,1
DA:16,1
DA:17,1
LF:17
LH:10
BRF:0
BRH:0
end_of_record
TN:
SF:src/modules/cars/useCases/ImportCategoriesUseCase/ImportCategoriesService.ts
FN:14,ImportCategoriesService
FN:19,loadCategories
FN:50,execute
FNF:3
FNH:0
FNDA:0,ImportCategoriesService
FNDA:0,loadCategories
FNDA:0,execute
DA:1,1
DA:2,1
DA:3,1
DA:4,1
DA:5,1
DA:6,1
DA:7,1
DA:8,1
DA:9,1
DA:10,1
DA:11,1
DA:12,1
DA:13,1
DA:14,1
DA:15,0
DA:16,0
DA:17,0
DA:18,1
DA:19,1
DA:20,0
DA:21,0
DA:22,0
DA:23,0
DA:24,0
DA:25,0
DA:26,0
DA:27,0
DA:28,0
DA:29,0
DA:30,0
DA:31,0
DA:32,0
DA:33,0
DA:34,0
DA:35,0
DA:36,0
DA:37,0
DA:38,0
DA:39,0
DA:40,0
DA:41,0
DA:42,0
DA:43,0
DA:44,0
DA:45,0
DA:46,0
DA:47,0
DA:48,0
DA:49,1
DA:50,1
DA:51,0
DA:52,0
DA:53,0
DA:54,0
DA:55,0
DA:56,0
DA:57,0
DA:58,0
DA:59,0
DA:60,0
DA:61,0
DA:62,0
DA:63,0
DA:64,0
DA:65,1
DA:66,1
DA:67,1
LF:67
LH:21
BRF:0
BRH:0
end_of_record
TN:
SF:src/modules/cars/useCases/ListAvailableCarsUseCase/ListAvailableCarsController.ts
FN:7,handle
FNF:1
FNH:0
FNDA:0,handle
DA:1,1
DA:2,1
DA:3,1
DA:4,1
DA:5,1
DA:6,1
DA:7,1
DA:8,0
DA:9,0
DA:10,0
DA:11,0
DA:12,0
DA:13,0
DA:14,0
DA:15,0
DA:16,0
DA:17,0
DA:18,0
DA:19,0
DA:20,0
DA:21,1
DA:22,1
DA:23,1
LF:23
LH:10
BRF:0
BRH:0
end_of_record
TN:
SF:src/modules/cars/useCases/ListAvailableCarsUseCase/ListAvailableCarsService.ts
FN:14,ListAvailableCarsService
FN:19,execute
FNF:2
FNH:2
FNDA:4,ListAvailableCarsService
FNDA:4,execute
DA:1,1
DA:2,1
DA:3,1
DA:4,1
DA:5,1
DA:6,1
DA:7,1
DA:8,1
DA:9,1
DA:10,1
DA:11,1
DA:12,1
DA:13,1
DA:14,1
DA:15,4
DA:16,4
DA:17,4
DA:18,1
DA:19,1
DA:20,4
DA:21,4
DA:22,4
DA:23,4
DA:24,4
DA:25,4
DA:26,4
DA:27,4
DA:28,1
DA:29,1
DA:30,1
LF:30
LH:30
BRDA:14,0,0,4
BRDA:19,1,0,4
BRF:2
BRH:2
end_of_record
TN:
SF:src/modules/cars/useCases/ListCategoriesUseCase/ListCategoriesController.ts
FN:7,handle
FNF:1
FNH:1
FNDA:1,handle
DA:1,1
DA:2,1
DA:3,1
DA:4,1
DA:5,1
DA:6,1
DA:7,1
DA:8,1
DA:9,1
DA:10,1
DA:11,1
DA:12,1
DA:13,1
DA:14,1
DA:15,1
LF:15
LH:15
BRDA:7,0,0,1
BRF:1
BRH:1
end_of_record
TN:
SF:src/modules/cars/useCases/ListCategoriesUseCase/ListCategoriesService.ts
FN:8,ListCategoriesService
FN:12,execute
FNF:2
FNH:2
FNDA:1,ListCategoriesService
FNDA:1,execute
DA:1,1
DA:2,1
DA:3,1
DA:4,1
DA:5,1
DA:6,1
DA:7,1
DA:8,1
DA:9,1
DA:10,1
DA:11,1
DA:12,1
DA:13,1
DA:14,1
DA:15,1
DA:16,1
DA:17,1
DA:18,1
DA:19,1
LF:19
LH:19
BRDA:8,0,0,1
BRDA:12,1,0,1
BRF:2
BRH:2
end_of_record
TN:
SF:src/modules/cars/useCases/ListSpecificationsUseCase/ListSpecificationsController.ts
FN:7,handle
FNF:1
FNH:0
FNDA:0,handle
DA:1,1
DA:2,1
DA:3,1
DA:4,1
DA:5,1
DA:6,1
DA:7,1
DA:8,0
DA:9,0
DA:10,0
DA:11,0
DA:12,0
DA:13,0
DA:14,0
DA:15,1
DA:16,1
DA:17,1
LF:17
LH:10
BRF:0
BRH:0
end_of_record
TN:
SF:src/modules/cars/useCases/ListSpecificationsUseCase/ListSpecificationsService.ts
FN:8,ListSpecificationsService
FN:12,execute
FNF:2
FNH:0
FNDA:0,ListSpecificationsService
FNDA:0,execute
DA:1,1
DA:2,1
DA:3,1
DA:4,1
DA:5,1
DA:6,1
DA:7,1
DA:8,1
DA:9,0
DA:10,0
DA:11,0
DA:12,1
DA:13,0
DA:14,0
DA:15,0
DA:16,0
DA:17,1
DA:18,1
DA:19,1
LF:19
LH:12
BRF:0
BRH:0
end_of_record
TN:
SF:src/modules/cars/useCases/UploadCarsImageUseCase/UploadCarsImageController.ts
FN:11,handle
FNF:1
FNH:0
FNDA:0,handle
DA:1,1
DA:2,1
DA:3,1
DA:4,1
DA:5,1
DA:6,1
DA:7,1
DA:8,1
DA:9,1
DA:10,1
DA:11,1
DA:12,0
DA:13,0
DA:14,0
DA:15,0
DA:16,0
DA:17,0
DA:18,0
DA:19,0
DA:20,0
DA:21,0
DA:22,0
DA:23,1
DA:24,1
DA:25,1
LF:25
LH:14
BRF:0
BRH:0
end_of_record
TN:
SF:src/modules/cars/useCases/UploadCarsImageUseCase/UploadCarsImageService.ts
FN:12,UploadCarsImageService
FN:17,execute
FNF:2
FNH:0
FNDA:0,UploadCarsImageService
FNDA:0,execute
DA:1,1
DA:2,1
DA:3,1
DA:4,1
DA:5,1
DA:6,1
DA:7,1
DA:8,1
DA:9,1
DA:10,1
DA:11,1
DA:12,1
DA:13,0
DA:14,0
DA:15,0
DA:16,1
DA:17,1
DA:18,0
DA:19,0
DA:20,0
DA:21,0
DA:22,0
DA:23,0
DA:24,0
DA:25,1
DA:26,1
LF:26
LH:16
BRF:0
BRH:0
end_of_record
TN:
SF:src/modules/cars/useCases/createCarsSpecifications/CreateCarsSpecificationsController.ts
FN:7,handle
FNF:1
FNH:0
FNDA:0,handle
DA:1,1
DA:2,1
DA:3,1
DA:4,1
DA:5,1
DA:6,1
DA:7,1
DA:8,0
DA:9,0
DA:10,0
DA:11,0
DA:12,0
DA:13,0
DA:14,0
DA:15,0
DA:16,0
DA:17,0
DA:18,0
DA:19,0
DA:20,0
DA:21,0
DA:22,1
DA:23,1
DA:24,1
LF:24
LH:10
BRF:0
BRH:0
end_of_record
TN:
SF:src/modules/cars/useCases/createCarsSpecifications/CreateCarsSpecificationsService.ts
FN:11,CreateCarsSpecificationsService
FN:19,execute
FNF:2
FNH:2
FNDA:2,CreateCarsSpecificationsService
FNDA:2,execute
DA:1,1
DA:2,1
DA:3,1
DA:4,1
DA:5,1
DA:6,1
DA:7,1
DA:8,1
DA:9,1
DA:10,1
DA:11,1
DA:12,2
DA:13,2
DA:14,2
DA:15,2
DA:16,2
DA:17,2
DA:18,1
DA:19,1
DA:20,2
DA:21,2
DA:22,2
DA:23,2
DA:24,2
DA:25,2
DA:26,1
DA:27,1
DA:28,1
DA:29,1
DA:30,1
DA:31,1
DA:32,1
DA:33,1
DA:34,1
DA:35,1
DA:36,1
DA:37,1
DA:38,1
DA:39,1
DA:40,1
DA:41,1
LF:41
LH:41
BRDA:11,0,0,2
BRDA:19,1,0,2
BRDA:25,2,0,1
BRF:3
BRH:3
end_of_record
TN:
SF:src/modules/rentals/entities/Rentals.ts
FN:39,Rentals
FNF:1
FNH:1
FNDA:9,Rentals
DA:1,1
DA:2,1
DA:3,1
DA:4,1
DA:5,1
DA:6,1
DA:7,1
DA:8,1
DA:9,1
DA:10,1
DA:11,1
DA:12,1
DA:13,1
DA:14,1
DA:15,1
DA:16,1
DA:17,1
DA:18,1
DA:19,1
DA:20,1
DA:21,1
DA:22,1
DA:23,1
DA:24,1
DA:25,1
DA:26,1
DA:27,1
DA:28,1
DA:29,1
DA:30,1
DA:31,1
DA:32,1
DA:33,1
DA:34,1
DA:35,1
DA:36,1
DA:37,1
DA:38,1
DA:39,1
DA:40,9
DA:41,9
DA:42,9
DA:43,9
DA:44,1
DA:45,1
DA:46,1
LF:46
LH:46
BRDA:39,0,0,9
BRF:1
BRH:1
end_of_record
TN:
SF:src/modules/rentals/repositories/RentalsRepository.ts
FN:10,RentalsRepository
FN:14,create
FN:30,findOpenRentalByCar
FN:35,findOpenRentalByUser
FNF:4
FNH:0
FNDA:0,RentalsRepository
FNDA:0,create
FNDA:0,findOpenRentalByCar
FNDA:0,findOpenRentalByUser
DA:1,1
DA:2,1
DA:3,1
DA:4,1
DA:5,1
DA:6,1
DA:7,1
DA:8,1
DA:9,1
DA:10,1
DA:11,0
DA:12,0
DA:13,1
DA:14,1
DA:15,0
DA:16,0
DA:17,0
DA:18,0
DA:19,0
DA:20,0
DA:21,0
DA:22,0
DA:23,0
DA:24,0
DA:25,0
DA:26,0
DA:27,0
DA:28,0
DA:29,1
DA:30,1
DA:31,0
DA:32,0
DA:33,0
DA:34,1
DA:35,1
DA:36,0
DA:37,0
DA:38,0
DA:39,1
DA:40,1
DA:41,1
LF:41
LH:19
BRF:0
BRH:0
end_of_record
TN:
SF:src/modules/rentals/repositories/mocks/RentalsRepositoryMock.ts
FN:5,RentalsRepositoryMock
FN:8,create
FN:25,findOpenRentalByCar
FN:33,findOpenRentalByUser
FNF:4
FNH:4
FNDA:4,RentalsRepositoryMock
FNDA:5,create
FNDA:6,findOpenRentalByCar
FNDA:6,findOpenRentalByUser
DA:1,1
DA:2,1
DA:3,1
DA:4,1
DA:5,4
DA:6,4
DA:7,4
DA:8,4
DA:9,5
DA:10,5
DA:11,5
DA:12,5
DA:13,5
DA:14,5
DA:15,5
DA:16,5
DA:17,5
DA:18,5
DA:19,5
DA:20,5
DA:21,5
DA:22,5
DA:23,5
DA:24,4
DA:25,4
DA:26,6
DA:27,6
DA:28,6
DA:29,6
DA:30,6
DA:31,6
DA:32,4
DA:33,4
DA:34,6
DA:35,6
DA:36,6
DA:37,6
DA:38,6
DA:39,6
DA:40,4
DA:41,1
DA:42,1
LF:42
LH:42
BRDA:5,0,0,4
BRDA:8,1,0,5
BRDA:25,2,0,6
BRDA:33,3,0,6
BRF:4
BRH:4
end_of_record
TN:
SF:src/modules/rentals/useCases/CreateRentalsUseCase/CreateRentalsController.ts
FN:7,handle
FNF:1
FNH:0
FNDA:0,handle
DA:1,1
DA:2,1
DA:3,1
DA:4,1
DA:5,1
DA:6,1
DA:7,1
DA:8,0
DA:9,0
DA:10,0
DA:11,0
DA:12,0
DA:13,0
DA:14,0
DA:15,0
DA:16,0
DA:17,0
DA:18,0
DA:19,0
DA:20,0
DA:21,1
DA:22,1
DA:23,1
LF:23
LH:10
BRF:0
BRH:0
end_of_record
TN:
SF:src/modules/rentals/useCases/CreateRentalsUseCase/CreateRentalsService.ts
FN:16,CreateRentalsService
FN:21,execute
FNF:2
FNH:2
FNDA:4,CreateRentalsService
FNDA:6,execute
DA:1,1
DA:2,1
DA:3,1
DA:4,1
DA:5,1
DA:6,1
DA:7,1
DA:8,1
DA:9,1
DA:10,1
DA:11,1
DA:12,1
DA:13,1
DA:14,1
DA:15,1
DA:16,1
DA:17,4
DA:18,4
DA:19,4
DA:20,1
DA:21,1
DA:22,6
DA:23,6
DA:24,6
DA:25,6
DA:26,6
DA:27,6
DA:28,6
DA:29,6
DA:30,6
DA:31,6
DA:32,6
DA:33,0
DA:34,0
DA:35,6
DA:36,6
DA:37,6
DA:38,6
DA:39,6
DA:40,6
DA:41,6
DA:42,6
DA:43,0
DA:44,0
DA:45,6
DA:46,6
DA:47,6
DA:48,6
DA:49,6
DA:50,6
DA:51,6
DA:52,1
DA:53,1
DA:54,5
DA:55,5
DA:56,5
DA:57,5
DA:58,5
DA:59,5
DA:60,5
DA:61,5
DA:62,5
DA:63,1
DA:64,1
DA:65,1
LF:65
LH:61
BRDA:16,0,0,4
BRDA:21,1,0,6
BRDA:32,2,0,0
BRDA:42,3,0,0
BRDA:51,4,0,1
BRDA:54,5,0,5
BRF:6
BRH:4
end_of_record
TN:
SF:src/routes/authenticates.routes.ts
FNF:0
FNH:0
DA:1,1
DA:2,1
DA:3,1
DA:4,1
DA:5,1
DA:6,1
DA:7,1
DA:8,1
DA:9,1
DA:10,1
DA:11,1
LF:11
LH:11
BRF:0
BRH:0
end_of_record
TN:
SF:src/routes/cars.routes.ts
FNF:0
FNH:0
DA:1,1
DA:2,1
DA:3,1
DA:4,1
DA:5,1
DA:6,1
DA:7,1
DA:8,1
DA:9,1
DA:10,1
DA:11,1
DA:12,1
DA:13,1
DA:14,1
DA:15,1
DA:16,1
DA:17,1
DA:18,1
DA:19,1
DA:20,1
DA:21,1
DA:22,1
DA:23,1
DA:24,1
DA:25,1
DA:26,1
DA:27,1
DA:28,1
DA:29,1
DA:30,1
DA:31,1
DA:32,1
DA:33,1
DA:34,1
DA:35,1
DA:36,1
DA:37,1
DA:38,1
DA:39,1
DA:40,1
DA:41,1
DA:42,1
DA:43,1
DA:44,1
DA:45,1
DA:46,1
DA:47,1
LF:47
LH:47
BRF:0
BRH:0
end_of_record
TN:
SF:src/routes/categories.routes.ts
FNF:0
FNH:0
DA:1,1
DA:2,1
DA:3,1
DA:4,1
DA:5,1
DA:6,1
DA:7,1
DA:8,1
DA:9,1
DA:10,1
DA:11,1
DA:12,1
DA:13,1
DA:14,1
DA:15,1
DA:16,1
DA:17,1
DA:18,1
DA:19,1
DA:20,1
DA:21,1
DA:22,1
DA:23,1
DA:24,1
DA:25,1
DA:26,1
DA:27,1
DA:28,1
DA:29,1
DA:30,1
DA:31,1
DA:32,1
DA:33,1
DA:34,1
DA:35,1
LF:35
LH:35
BRF:0
BRH:0
end_of_record
TN:
SF:src/routes/index.ts
FNF:0
FNH:0
DA:1,1
DA:2,1
DA:3,1
DA:4,1
DA:5,1
DA:6,1
DA:7,1
DA:8,1
DA:9,1
DA:10,1
DA:11,1
DA:12,1
DA:13,1
DA:14,1
DA:15,1
DA:16,1
DA:17,1
DA:18,1
DA:19,1
LF:19
LH:19
BRF:0
BRH:0
end_of_record
TN:
SF:src/routes/rentals.routes.ts
FNF:0
FNH:0
DA:1,1
DA:2,1
DA:3,1
DA:4,1
DA:5,1
DA:6,1
DA:7,1
DA:8,1
DA:9,1
DA:10,1
DA:11,1
DA:12,1
LF:12
LH:12
BRF:0
BRH:0
end_of_record
TN:
SF:src/routes/specifications.routes.ts
FNF:0
FNH:0
DA:1,1
DA:2,1
DA:3,1
DA:4,1
DA:5,1
DA:6,1
DA:7,1
DA:8,1
DA:9,1
DA:10,1
DA:11,1
DA:12,1
DA:13,1
DA:14,1
DA:15,1
DA:16,1
DA:17,1
DA:18,1
DA:19,1
DA:20,1
DA:21,1
DA:22,1
DA:23,1
LF:23
LH:23
BRF:0
BRH:0
end_of_record
TN:
SF:src/routes/users.routes.ts
FNF:0
FNH:0
DA:1,1
DA:2,1
DA:3,1
DA:4,1
DA:5,1
DA:6,1
DA:7,1
DA:8,1
DA:9,1
DA:10,1
DA:11,1
DA:12,1
DA:13,1
DA:14,1
DA:15,1
DA:16,1
DA:17,1
DA:18,1
DA:19,1
DA:20,1
DA:21,1
DA:22,1
DA:23,1
DA:24,1
LF:24
LH:24
BRF:0
BRH:0
end_of_record
TN:
SF:src/utils/deleteFile.ts
FN:3,deleteFile
FNF:1
FNH:0
FNDA:0,deleteFile
DA:1,1
DA:2,1
DA:3,0
DA:4,0
DA:5,0
DA:6,0
DA:7,0
DA:8,0
DA:9,0
DA:10,0
DA:11,0
LF:11
LH:2
BRF:0
BRH:0
end_of_record
TN:
SF:src/utils/getHoursDiffFromNow.ts
FN:3,getHoursDiffFromNow
FNF:1
FNH:1
FNDA:6,getHoursDiffFromNow
DA:1,1
DA:2,1
DA:3,6
DA:4,6
DA:5,6
DA:6,6
DA:7,6
DA:8,6
LF:8
LH:8
BRDA:3,0,0,6
BRF:1
BRH:1
end_of_record
